TN:
SF:src/app.module.ts
FN:1,(empty-report)
FNF:1
FNH:0
FNDA:0,(empty-report)
DA:1,0
DA:2,0
DA:3,0
DA:4,0
DA:5,0
DA:6,0
DA:7,0
DA:8,0
DA:9,0
DA:10,0
DA:11,0
DA:12,0
DA:13,0
DA:14,0
DA:15,0
LF:15
LH:0
BRDA:1,0,0,0
BRF:1
BRH:0
end_of_record
TN:
SF:src/main.ts
FN:1,(empty-report)
FNF:1
FNH:0
FNDA:0,(empty-report)
DA:1,0
DA:2,0
DA:3,0
DA:4,0
DA:5,0
DA:6,0
DA:7,0
DA:8,0
DA:9,0
DA:10,0
DA:11,0
LF:11
LH:0
BRDA:1,0,0,0
BRF:1
BRH:0
end_of_record
TN:
SF:src/core/category/application/use-cases/common/category-output.ts
FN:1,Object.<anonymous>
FN:13,toOutput
FNF:2
FNH:2
FNDA:11,Object.<anonymous>
FNDA:92,toOutput
DA:1,11
DA:2,11
DA:3,11
DA:4,11
DA:5,11
DA:6,11
DA:7,11
DA:8,11
DA:9,11
DA:10,11
DA:11,11
DA:12,11
DA:13,11
DA:14,92
DA:15,92
DA:16,92
DA:17,92
DA:18,92
DA:19,92
DA:20,92
DA:21,92
DA:22,92
DA:23,11
LF:23
LH:23
BRDA:1,0,0,11
BRDA:1,1,0,11
BRDA:13,2,0,92
BRF:3
BRH:3
end_of_record
TN:
SF:src/core/category/application/use-cases/create-category/create-category.use-case.ts
FN:11,<instance_members_initializer>
FN:14,CreateCategoryUseCase
FN:16,execute
FNF:3
FNH:3
FNDA:19,<instance_members_initializer>
FNDA:19,CreateCategoryUseCase
FNDA:12,execute
DA:1,1
DA:2,1
DA:3,1
DA:4,1
DA:5,1
DA:6,1
DA:7,1
DA:8,1
DA:9,1
DA:10,1
DA:11,1
DA:12,19
DA:13,19
DA:14,19
DA:15,19
DA:16,19
DA:17,12
DA:18,12
DA:19,12
DA:20,1
DA:21,1
DA:22,11
DA:23,11
DA:24,11
DA:25,11
DA:26,11
DA:27,19
DA:28,1
DA:29,1
LF:29
LH:29
BRDA:11,0,0,19
BRDA:14,1,0,19
BRDA:16,2,0,12
BRDA:19,3,0,1
BRDA:21,4,0,11
BRF:5
BRH:5
end_of_record
TN:
SF:src/core/category/application/use-cases/delete-category/delete-category.use-case.ts
FN:5,<instance_members_initializer>
FN:8,DeleteCategoryUseCase
FN:10,execute
FNF:3
FNH:3
FNDA:20,<instance_members_initializer>
FNDA:20,DeleteCategoryUseCase
FNDA:6,execute
DA:1,1
DA:2,1
DA:3,1
DA:4,1
DA:5,1
DA:6,20
DA:7,20
DA:8,20
DA:9,20
DA:10,20
DA:11,6
DA:12,6
DA:13,3
DA:14,20
DA:15,1
DA:16,1
DA:17,1
DA:18,1
DA:19,1
DA:20,1
LF:20
LH:20
BRDA:5,0,0,20
BRDA:8,1,0,20
BRDA:10,2,0,6
BRDA:12,3,0,3
BRF:4
BRH:4
end_of_record
TN:
SF:src/core/category/application/use-cases/get-category/get-category.use-case.ts
FN:10,<instance_members_initializer>
FN:13,GetCategoryUseCase
FN:15,execute
FNF:3
FNH:3
FNDA:20,<instance_members_initializer>
FNDA:20,GetCategoryUseCase
FNDA:6,execute
DA:1,1
DA:2,1
DA:3,1
DA:4,1
DA:5,1
DA:6,1
DA:7,1
DA:8,1
DA:9,1
DA:10,1
DA:11,20
DA:12,20
DA:13,20
DA:14,20
DA:15,20
DA:16,6
DA:17,6
DA:18,6
DA:19,2
DA:20,2
DA:21,3
DA:22,3
DA:23,3
DA:24,20
DA:25,1
DA:26,1
DA:27,1
DA:28,1
DA:29,1
DA:30,1
LF:30
LH:30
BRDA:10,0,0,20
BRDA:13,1,0,20
BRDA:15,2,0,6
BRDA:17,3,0,5
BRDA:18,4,0,3
BRDA:18,5,0,2
BRF:6
BRH:6
end_of_record
TN:
SF:src/core/category/application/use-cases/list-categories/list-categories.use-case.ts
FN:18,<instance_members_initializer>
FN:21,ListCategoriesUseCase
FN:23,execute
FN:29,toOutput
FNF:4
FNH:4
FNDA:21,<instance_members_initializer>
FNDA:21,ListCategoriesUseCase
FNDA:13,execute
FNDA:15,toOutput
DA:1,1
DA:2,1
DA:3,1
DA:4,1
DA:5,1
DA:6,1
DA:7,1
DA:8,1
DA:9,1
DA:10,1
DA:11,1
DA:12,1
DA:13,1
DA:14,1
DA:15,1
DA:16,1
DA:17,1
DA:18,1
DA:19,21
DA:20,21
DA:21,21
DA:22,21
DA:23,21
DA:24,13
DA:25,13
DA:26,13
DA:27,13
DA:28,21
DA:29,21
DA:30,15
DA:31,15
DA:32,26
DA:33,26
DA:34,15
DA:35,15
DA:36,21
DA:37,1
DA:38,1
DA:39,1
DA:40,1
DA:41,1
DA:42,1
DA:43,1
DA:44,1
DA:45,1
DA:46,1
LF:46
LH:46
BRDA:18,0,0,21
BRDA:21,1,0,21
BRDA:23,2,0,13
BRDA:29,3,0,15
BRDA:31,4,0,26
BRF:5
BRH:5
end_of_record
TN:
SF:src/core/category/application/use-cases/update-category/update-category.use-case.ts
FN:1,Object.<anonymous>
FN:13,<instance_members_initializer>
FN:16,UpdateCategoryUseCase
FN:18,execute
FNF:4
FNH:4
FNDA:4,Object.<anonymous>
FNDA:22,<instance_members_initializer>
FNDA:22,UpdateCategoryUseCase
FNDA:22,execute
DA:1,4
DA:2,4
DA:3,4
DA:4,4
DA:5,4
DA:6,4
DA:7,4
DA:8,4
DA:9,4
DA:10,4
DA:11,4
DA:12,4
DA:13,4
DA:14,22
DA:15,22
DA:16,22
DA:17,22
DA:18,22
DA:19,22
DA:20,22
DA:21,21
DA:22,22
DA:23,2
DA:24,2
DA:25,19
DA:26,19
DA:27,22
DA:28,22
DA:29,6
DA:30,6
DA:31,6
DA:32,19
DA:33,22
DA:34,3
DA:35,3
DA:36,19
DA:37,22
DA:38,5
DA:39,5
DA:40,19
DA:41,22
DA:42,2
DA:43,2
DA:44,17
DA:45,17
DA:46,17
DA:47,17
DA:48,17
DA:49,22
DA:50,1
DA:51,1
LF:51
LH:51
BRDA:1,0,0,4
BRDA:1,1,0,4
BRDA:13,2,0,22
BRDA:16,3,0,22
BRDA:18,4,0,22
BRDA:20,5,0,21
BRDA:22,6,0,2
BRDA:24,7,0,19
BRDA:28,8,0,6
BRDA:31,9,0,19
BRDA:33,10,0,3
BRDA:35,11,0,19
BRDA:37,12,0,5
BRDA:39,13,0,19
BRDA:41,14,0,2
BRDA:43,15,0,17
BRF:16
BRH:16
end_of_record
TN:
SF:src/core/category/domain/category-fake.builder.ts
FN:1,Object.<anonymous>
FN:8,<instance_members_initializer>
FN:12,_name
FN:14,_description
FN:17,_is_active
FN:23,aCategory
FN:27,theCategories
FN:33,CategoryFakeBuilder
FN:38,withCategoryId
FN:44,withName
FN:49,withDescription
FN:54,activate
FN:59,deactivate
FN:64,withCreatedAt
FN:69,withInvalidNameTooLong
FN:74,build
FN:95,get category_id
FN:99,get name
FN:103,get description
FN:107,get is_active
FN:111,get created_at
FN:115,getValue
FN:126,callFactory
FNF:23
FNH:23
FNDA:19,Object.<anonymous>
FNDA:50,<instance_members_initializer>
FNDA:33,_name
FNDA:60,_description
FNDA:95,_is_active
FNDA:41,aCategory
FNDA:9,theCategories
FNDA:50,CategoryFakeBuilder
FNDA:6,withCategoryId
FNDA:34,withName
FNDA:10,withDescription
FNDA:1,activate
FNDA:3,deactivate
FNDA:17,withCreatedAt
FNDA:2,withInvalidNameTooLong
FNDA:56,build
FNDA:2,get category_id
FNDA:17,get name
FNDA:7,get description
FNDA:2,get is_active
FNDA:2,get created_at
FNDA:30,getValue
FNDA:383,callFactory
DA:1,19
DA:2,19
DA:3,19
DA:4,19
DA:5,19
DA:6,19
DA:7,19
DA:8,19
DA:9,50
DA:10,50
DA:11,50
DA:12,50
DA:13,50
DA:14,50
DA:15,60
DA:16,50
DA:17,50
DA:18,50
DA:19,50
DA:20,50
DA:21,50
DA:22,50
DA:23,50
DA:24,41
DA:25,41
DA:26,50
DA:27,50
DA:28,9
DA:29,9
DA:30,50
DA:31,50
DA:32,50
DA:33,50
DA:34,50
DA:35,50
DA:36,50
DA:37,50
DA:38,50
DA:39,6
DA:40,6
DA:41,6
DA:42,6
DA:43,50
DA:44,50
DA:45,34
DA:46,34
DA:47,34
DA:48,50
DA:49,50
DA:50,10
DA:51,10
DA:52,10
DA:53,50
DA:54,50
DA:55,1
DA:56,1
DA:57,1
DA:58,50
DA:59,50
DA:60,3
DA:61,3
DA:62,3
DA:63,50
DA:64,50
DA:65,17
DA:66,17
DA:67,17
DA:68,50
DA:69,50
DA:70,2
DA:71,2
DA:72,2
DA:73,50
DA:74,50
DA:75,56
DA:76,56
DA:77,56
DA:78,98
DA:79,98
DA:80,88
DA:81,10
DA:82,98
DA:83,98
DA:84,98
DA:85,98
DA:86,51
DA:87,98
DA:88,98
DA:89,98
DA:90,98
DA:91,98
DA:92,56
DA:93,56
DA:94,50
DA:95,50
DA:96,2
DA:97,2
DA:98,50
DA:99,50
DA:100,17
DA:101,17
DA:102,50
DA:103,50
DA:104,7
DA:105,7
DA:106,50
DA:107,50
DA:108,2
DA:109,2
DA:110,50
DA:111,50
DA:112,2
DA:113,2
DA:114,50
DA:115,50
DA:116,30
DA:117,30
DA:118,30
DA:119,2
DA:120,2
DA:121,2
DA:122,2
DA:123,28
DA:124,28
DA:125,50
DA:126,50
DA:127,383
DA:128,250
DA:129,133
DA:130,383
DA:131,50
LF:131
LH:131
BRDA:1,0,0,19
BRDA:1,1,0,19
BRDA:8,2,0,50
BRDA:12,3,0,33
BRDA:14,4,0,60
BRDA:17,5,0,95
BRDA:23,6,0,41
BRDA:27,7,0,9
BRDA:33,8,0,50
BRDA:38,9,0,6
BRDA:44,10,0,34
BRDA:49,11,0,10
BRDA:54,12,0,1
BRDA:59,13,0,3
BRDA:64,14,0,17
BRDA:69,15,0,2
BRDA:70,16,0,1
BRDA:74,17,0,56
BRDA:92,18,0,44
BRDA:92,19,0,12
BRDA:77,20,0,98
BRDA:80,21,0,88
BRDA:80,22,0,10
BRDA:85,23,0,51
BRDA:95,24,0,2
BRDA:99,25,0,17
BRDA:103,26,0,7
BRDA:107,27,0,2
BRDA:111,28,0,2
BRDA:115,29,0,30
BRDA:118,30,0,3
BRDA:118,31,0,2
BRDA:122,32,0,28
BRDA:126,33,0,383
BRDA:127,34,0,250
BRDA:128,35,0,133
BRF:36
BRH:36
end_of_record
TN:
SF:src/core/category/domain/category.entity.ts
FN:24,<instance_members_initializer>
FN:31,get entity_id
FN:35,Category
FN:45,create
FN:51,changeName
FN:56,changeDescription
FN:60,activate
FN:64,deactivate
FN:68,validate
FN:73,fake
FN:77,toJSON
FNF:11
FNH:11
FNDA:229,<instance_members_initializer>
FNDA:25,get entity_id
FNDA:229,Category
FNDA:20,create
FNDA:22,changeName
FNDA:7,changeDescription
FNDA:4,activate
FNDA:6,deactivate
FNDA:220,validate
FNDA:38,fake
FNDA:153,toJSON
DA:1,1
DA:2,1
DA:3,1
DA:4,1
DA:5,1
DA:6,1
DA:7,1
DA:8,1
DA:9,1
DA:10,1
DA:11,1
DA:12,1
DA:13,1
DA:14,1
DA:15,1
DA:16,1
DA:17,1
DA:18,1
DA:19,1
DA:20,1
DA:21,1
DA:22,1
DA:23,1
DA:24,1
DA:25,229
DA:26,229
DA:27,229
DA:28,229
DA:29,229
DA:30,229
DA:31,229
DA:32,25
DA:33,25
DA:34,229
DA:35,229
DA:36,229
DA:37,229
DA:38,229
DA:39,229
DA:40,229
DA:41,229
DA:42,229
DA:43,229
DA:44,229
DA:45,229
DA:46,20
DA:47,20
DA:48,20
DA:49,20
DA:50,229
DA:51,229
DA:52,22
DA:53,22
DA:54,22
DA:55,229
DA:56,229
DA:57,7
DA:58,7
DA:59,229
DA:60,229
DA:61,4
DA:62,4
DA:63,229
DA:64,229
DA:65,6
DA:66,6
DA:67,229
DA:68,229
DA:69,220
DA:70,220
DA:71,220
DA:72,229
DA:73,229
DA:74,38
DA:75,38
DA:76,229
DA:77,229
DA:78,153
DA:79,153
DA:80,153
DA:81,153
DA:82,153
DA:83,153
DA:84,153
DA:85,153
DA:86,229
LF:86
LH:86
BRDA:24,0,0,229
BRDA:31,1,0,25
BRDA:35,2,0,229
BRDA:37,3,0,137
BRDA:39,4,0,98
BRDA:40,5,0,38
BRDA:41,6,0,94
BRDA:45,7,0,20
BRDA:51,8,0,22
BRDA:56,9,0,7
BRDA:60,10,0,4
BRDA:64,11,0,6
BRDA:68,12,0,220
BRDA:73,13,0,38
BRDA:77,14,0,153
BRF:15
BRH:15
end_of_record
TN:
SF:src/core/category/domain/category.respository.ts
FNF:0
FNH:0
DA:1,1
DA:2,1
DA:3,1
DA:4,1
DA:5,1
DA:6,1
DA:7,1
DA:8,1
DA:9,1
DA:10,1
DA:11,1
DA:12,1
DA:13,1
DA:14,1
DA:15,1
DA:16,1
DA:17,1
DA:18,1
DA:19,1
DA:20,1
LF:20
LH:20
BRF:0
BRH:0
end_of_record
TN:
SF:src/core/category/domain/category.validator.ts
FN:1,Object.<anonymous>
FN:8,<instance_members_initializer>
FN:25,CategoryRules
FN:32,validate
FN:39,create
FNF:5
FNH:5
FNDA:19,Object.<anonymous>
FNDA:220,<instance_members_initializer>
FNDA:220,CategoryRules
FNDA:220,validate
FNDA:220,create
DA:1,19
DA:2,19
DA:3,19
DA:4,19
DA:5,19
DA:6,19
DA:7,19
DA:8,19
DA:9,220
DA:10,220
DA:11,220
DA:12,220
DA:13,220
DA:14,220
DA:15,220
DA:16,220
DA:17,220
DA:18,220
DA:19,220
DA:20,220
DA:21,220
DA:22,220
DA:23,220
DA:24,220
DA:25,220
DA:26,220
DA:27,220
DA:28,220
DA:29,220
DA:30,19
DA:31,19
DA:32,19
DA:33,220
DA:34,220
DA:35,220
DA:36,19
DA:37,19
DA:38,19
DA:39,19
DA:40,220
DA:41,220
DA:42,19
LF:42
LH:42
BRDA:1,0,0,19
BRDA:1,1,0,19
BRDA:8,2,0,220
BRDA:25,3,0,220
BRDA:32,4,0,220
BRDA:33,5,0,42
BRDA:33,6,0,42
BRDA:33,7,0,178
BRDA:39,8,0,220
BRF:9
BRH:9
end_of_record
TN:
SF:src/core/category/infra/db/in-memory/category-in-memory.respository.ts
FN:10,<instance_members_initializer>
FN:16,applyFilter
FN:29,getEntity
FN:34,applySort
FNF:4
FNH:4
FNDA:33,<instance_members_initializer>
FNDA:6,applyFilter
FNDA:1,getEntity
FNDA:7,applySort
DA:1,1
DA:2,1
DA:3,1
DA:4,1
DA:5,1
DA:6,1
DA:7,1
DA:8,1
DA:9,1
DA:10,1
DA:11,33
DA:12,33
DA:13,33
DA:14,33
DA:15,33
DA:16,33
DA:17,6
DA:18,6
DA:19,6
DA:20,6
DA:21,2
DA:22,2
DA:23,4
DA:24,4
DA:25,18
DA:26,18
DA:27,4
DA:28,33
DA:29,33
DA:30,1
DA:31,1
DA:32,33
DA:33,33
DA:34,33
DA:35,7
DA:36,7
DA:37,7
DA:38,7
DA:39,7
DA:40,5
DA:41,2
DA:42,7
DA:43,33
LF:43
LH:43
BRDA:10,0,0,33
BRDA:16,1,0,6
BRDA:20,2,0,5
BRDA:20,3,0,2
BRDA:22,4,0,4
BRDA:24,5,0,18
BRDA:29,6,0,1
BRDA:34,7,0,7
BRDA:39,8,0,5
BRDA:40,9,0,2
BRF:10
BRH:10
end_of_record
TN:
SF:src/core/category/infra/db/sequelize/category-model-mapper.ts
FN:7,toModel
FN:17,toEntity
FNF:2
FNH:2
FNDA:88,toModel
FNDA:80,toEntity
DA:1,1
DA:2,1
DA:3,1
DA:4,1
DA:5,1
DA:6,1
DA:7,1
DA:8,88
DA:9,88
DA:10,88
DA:11,88
DA:12,88
DA:13,88
DA:14,88
DA:15,88
DA:16,1
DA:17,1
DA:18,80
DA:19,80
DA:20,80
DA:21,80
DA:22,80
DA:23,80
DA:24,80
DA:25,80
DA:26,80
DA:27,1
DA:28,1
DA:29,79
DA:30,79
DA:31,1
LF:31
LH:31
BRDA:7,0,0,88
BRDA:17,1,0,80
BRDA:26,2,0,79
BRDA:26,3,0,1
BRF:4
BRH:4
end_of_record
TN:
SF:src/core/category/infra/db/sequelize/category-sequelize.repository.ts
FN:1,Object.<anonymous>
FN:15,<instance_members_initializer>
FN:25,CategorySequelizeRepository
FN:21,name
FN:27,insert
FN:32,bulkInsert
FN:39,update
FN:51,delete
FN:60,findById
FN:65,_get
FN:69,findAll
FN:76,search
FN:104,formatSort
FN:112,getEntity
FNF:14
FNH:13
FNDA:7,Object.<anonymous>
FNDA:36,<instance_members_initializer>
FNDA:36,CategorySequelizeRepository
FNDA:0,name
FNDA:22,insert
FNDA:10,bulkInsert
FNDA:12,update
FNDA:5,delete
FNDA:39,findById
FNDA:17,_get
FNDA:1,findAll
FNDA:17,search
FNDA:9,formatSort
FNDA:3,getEntity
DA:1,7
DA:2,7
DA:3,7
DA:4,7
DA:5,7
DA:6,7
DA:7,7
DA:8,7
DA:9,7
DA:10,7
DA:11,7
DA:12,7
DA:13,7
DA:14,7
DA:15,7
DA:16,36
DA:17,36
DA:18,36
DA:19,36
DA:20,36
DA:21,36
DA:22,36
DA:23,36
DA:24,36
DA:25,36
DA:26,36
DA:27,36
DA:28,22
DA:29,22
DA:30,22
DA:31,36
DA:32,36
DA:33,10
DA:34,54
DA:35,10
DA:36,10
DA:37,10
DA:38,36
DA:39,36
DA:40,12
DA:41,12
DA:42,12
DA:43,1
DA:44,1
DA:45,11
DA:46,11
DA:47,11
DA:48,11
DA:49,11
DA:50,36
DA:51,36
DA:52,5
DA:53,5
DA:54,5
DA:55,2
DA:56,2
DA:57,3
DA:58,3
DA:59,36
DA:60,36
DA:61,39
DA:62,39
DA:63,39
DA:64,36
DA:65,36
DA:66,17
DA:67,17
DA:68,36
DA:69,36
DA:70,1
DA:71,1
DA:72,1
DA:73,1
DA:74,1
DA:75,36
DA:76,36
DA:77,17
DA:78,17
DA:79,17
DA:80,17
DA:81,17
DA:82,7
DA:83,7
DA:84,7
DA:85,17
DA:86,17
DA:87,9
DA:88,9
DA:89,17
DA:90,17
DA:91,17
DA:92,17
DA:93,17
DA:94,17
DA:95,17
DA:96,44
DA:97,44
DA:98,17
DA:99,17
DA:100,17
DA:101,17
DA:102,17
DA:103,36
DA:104,36
DA:105,9
DA:106,9
DA:107,0
DA:108,0
DA:109,9
DA:110,9
DA:111,36
DA:112,36
DA:113,3
DA:114,3
DA:115,36
LF:115
LH:113
BRDA:1,0,0,7
BRDA:1,1,0,7
BRDA:15,2,0,36
BRDA:25,3,0,36
BRDA:27,4,0,22
BRDA:32,5,0,10
BRDA:33,6,0,54
BRDA:39,7,0,12
BRDA:42,8,0,11
BRDA:42,9,0,1
BRDA:51,10,0,5
BRDA:54,11,0,3
BRDA:54,12,0,2
BRDA:60,13,0,39
BRDA:62,14,0,33
BRDA:62,15,0,6
BRDA:65,16,0,17
BRDA:69,17,0,1
BRDA:71,18,0,1
BRDA:76,19,0,17
BRDA:81,20,0,7
BRDA:86,21,0,9
BRDA:86,22,0,9
BRDA:88,23,0,8
BRDA:95,24,0,44
BRDA:104,25,0,9
BRDA:106,26,0,0
BRDA:106,27,0,0
BRDA:112,28,0,3
BRF:29
BRH:27
end_of_record
TN:
SF:src/core/category/infra/db/sequelize/category.model.ts
FNF:0
FNH:0
DA:1,1
DA:2,1
DA:3,1
DA:4,1
DA:5,1
DA:6,1
DA:7,1
DA:8,1
DA:9,1
DA:10,1
DA:11,1
DA:12,1
DA:13,1
DA:14,1
DA:15,1
DA:16,1
DA:17,1
DA:18,1
DA:19,1
DA:20,1
DA:21,1
DA:22,1
DA:23,1
DA:24,1
DA:25,1
DA:26,1
DA:27,1
DA:28,1
DA:29,1
DA:30,1
DA:31,1
DA:32,1
DA:33,1
DA:34,1
LF:34
LH:34
BRDA:33,0,0,0
BRF:1
BRH:0
end_of_record
TN:
SF:src/core/shared/application/pagination-output.ts
FN:13,toOutput
FNF:1
FNH:1
FNDA:15,toOutput
DA:1,1
DA:2,1
DA:3,1
DA:4,1
DA:5,1
DA:6,1
DA:7,1
DA:8,1
DA:9,1
DA:10,1
DA:11,1
DA:12,1
DA:13,1
DA:14,15
DA:15,15
DA:16,15
DA:17,15
DA:18,15
DA:19,15
DA:20,15
DA:21,15
DA:22,15
DA:23,15
DA:24,15
DA:25,1
LF:25
LH:25
BRDA:13,0,0,15
BRF:1
BRH:1
end_of_record
TN:
SF:src/core/shared/domain/entity.ts
FN:1,Object.<anonymous>
FN:5,<instance_members_initializer>
FNF:2
FNH:2
FNDA:22,Object.<anonymous>
FNDA:266,<instance_members_initializer>
DA:1,22
DA:2,22
DA:3,22
DA:4,22
DA:5,22
DA:6,266
DA:7,266
DA:8,266
DA:9,266
DA:10,266
LF:10
LH:10
BRDA:1,0,0,22
BRDA:1,1,0,22
BRDA:5,2,0,266
BRF:3
BRH:3
end_of_record
TN:
SF:src/core/shared/domain/value-object.ts
FN:4,equals
FNF:1
FNH:1
FNDA:28,equals
DA:1,1
DA:2,1
DA:3,1
DA:4,1
DA:5,28
DA:6,4
DA:7,4
DA:8,24
DA:9,28
DA:10,0
DA:11,0
DA:12,24
DA:13,24
DA:14,24
DA:15,24
DA:16,1
LF:16
LH:14
BRDA:4,0,0,28
BRDA:5,1,0,26
BRDA:5,2,0,24
BRDA:5,3,0,4
BRDA:9,4,0,0
BRDA:11,5,0,24
BRF:6
BRH:5
end_of_record
TN:
SF:src/core/shared/domain/errors/invalid-argument.error.ts
FN:2,InvalidArgumentError
FNF:1
FNH:0
FNDA:0,InvalidArgumentError
DA:1,1
DA:2,1
DA:3,0
DA:4,0
DA:5,0
DA:6,1
LF:6
LH:3
BRF:0
BRH:0
end_of_record
TN:
SF:src/core/shared/domain/errors/not-found.error.ts
FN:5,NotFoundError
FNF:1
FNH:1
FNDA:23,NotFoundError
DA:1,1
DA:2,1
DA:3,1
DA:4,1
DA:5,1
DA:6,23
DA:7,23
DA:8,23
DA:9,23
DA:10,1
LF:10
LH:10
BRDA:5,0,0,23
BRDA:6,1,0,0
BRF:2
BRH:1
end_of_record
TN:
SF:src/core/shared/domain/repository/search-params.ts
FN:1,Object.<anonymous>
FN:14,<instance_members_initializer>
FN:21,SearchParams
FN:30,get page
FN:34,set page
FN:44,get per_page
FN:48,set per_page
FN:62,get sort
FN:66,set sort
FN:71,get sort_dir
FN:75,set sort_dir
FN:84,get filter
FN:88,set filter
FNF:13
FNH:13
FNDA:11,Object.<anonymous>
FNDA:165,<instance_members_initializer>
FNDA:165,SearchParams
FNDA:84,get page
FNDA:165,set page
FNDA:103,get per_page
FNDA:165,set per_page
FNDA:233,get sort
FNDA:165,set sort
FNDA:67,get sort_dir
FNDA:165,set sort_dir
FNDA:57,get filter
FNDA:165,set filter
DA:1,11
DA:2,11
DA:3,11
DA:4,11
DA:5,11
DA:6,11
DA:7,11
DA:8,11
DA:9,11
DA:10,11
DA:11,11
DA:12,11
DA:13,11
DA:14,11
DA:15,165
DA:16,165
DA:17,165
DA:18,165
DA:19,165
DA:20,165
DA:21,165
DA:22,165
DA:23,165
DA:24,165
DA:25,165
DA:26,165
DA:27,165
DA:28,165
DA:29,165
DA:30,165
DA:31,84
DA:32,84
DA:33,165
DA:34,165
DA:35,165
DA:36,165
DA:37,165
DA:38,138
DA:39,138
DA:40,165
DA:41,165
DA:42,165
DA:43,165
DA:44,165
DA:45,103
DA:46,103
DA:47,165
DA:48,165
DA:49,165
DA:50,165
DA:51,165
DA:52,165
DA:53,34
DA:54,29
DA:55,165
DA:56,137
DA:57,137
DA:58,165
DA:59,165
DA:60,165
DA:61,165
DA:62,165
DA:63,233
DA:64,233
DA:65,165
DA:66,165
DA:67,165
DA:68,165
DA:69,165
DA:70,165
DA:71,165
DA:72,67
DA:73,67
DA:74,165
DA:75,165
DA:76,165
DA:77,131
DA:78,131
DA:79,131
DA:80,34
DA:81,165
DA:82,165
DA:83,165
DA:84,165
DA:85,57
DA:86,57
DA:87,165
DA:88,165
DA:89,165
DA:90,165
DA:91,144
DA:92,165
DA:93,165
DA:94,165
LF:94
LH:94
BRDA:1,0,0,11
BRDA:1,1,0,11
BRDA:14,2,0,165
BRDA:21,3,0,165
BRDA:30,4,0,84
BRDA:34,5,0,165
BRDA:37,6,0,33
BRDA:37,7,0,28
BRDA:37,8,0,138
BRDA:44,9,0,103
BRDA:48,10,0,165
BRDA:49,11,0,1
BRDA:49,12,0,164
BRDA:52,13,0,34
BRDA:53,14,0,29
BRDA:55,15,0,137
BRDA:62,16,0,233
BRDA:66,17,0,165
BRDA:68,18,0,155
BRDA:68,19,0,44
BRDA:68,20,0,131
BRDA:68,21,0,34
BRDA:71,22,0,67
BRDA:75,23,0,165
BRDA:76,24,0,161
BRDA:76,25,0,131
BRDA:79,26,0,153
BRDA:79,27,0,34
BRDA:81,28,0,32
BRDA:81,29,0,24
BRDA:81,30,0,10
BRDA:84,31,0,57
BRDA:88,32,0,165
BRDA:90,33,0,164
BRDA:90,34,0,22
BRDA:90,35,0,144
BRDA:91,36,0,21
BRF:37
BRH:37
end_of_record
TN:
SF:src/core/shared/domain/repository/search-result.ts
FN:11,<instance_members_initializer>
FN:18,SearchResult
FN:27,toJSON
FNF:3
FNH:3
FNDA:51,<instance_members_initializer>
FNDA:51,SearchResult
FNDA:19,toJSON
DA:1,1
DA:2,1
DA:3,1
DA:4,1
DA:5,1
DA:6,1
DA:7,1
DA:8,1
DA:9,1
DA:10,1
DA:11,1
DA:12,51
DA:13,51
DA:14,51
DA:15,51
DA:16,51
DA:17,51
DA:18,51
DA:19,51
DA:20,51
DA:21,51
DA:22,51
DA:23,51
DA:24,51
DA:25,51
DA:26,51
DA:27,51
DA:28,19
DA:29,19
DA:30,19
DA:31,19
DA:32,19
DA:33,19
DA:34,19
DA:35,19
DA:36,51
LF:36
LH:36
BRDA:11,0,0,51
BRDA:18,1,0,51
BRDA:27,2,0,19
BRDA:29,3,0,16
BRDA:29,4,0,3
BRDA:29,5,0,30
BRF:6
BRH:6
end_of_record
TN:
SF:src/core/shared/domain/validators/class-validator-fields.ts
FN:7,validate
FNF:1
FNH:1
FNDA:220,validate
DA:1,1
DA:2,1
DA:3,1
DA:4,1
DA:5,1
DA:6,1
DA:7,1
DA:8,220
DA:9,220
DA:10,220
DA:11,220
DA:12,6
DA:13,6
DA:14,6
DA:15,6
DA:16,6
DA:17,6
DA:18,6
DA:19,220
DA:20,220
DA:21,1
LF:21
LH:21
BRDA:7,0,0,220
BRDA:11,1,0,6
BRDA:14,2,0,6
BRF:3
BRH:3
end_of_record
TN:
SF:src/core/shared/domain/validators/notification.ts
FN:1,<instance_members_initializer>
FN:4,addError
FN:14,setError
FN:28,hasErrors
FN:32,copyErrors
FN:38,toJSON
FNF:6
FNH:4
FNDA:266,<instance_members_initializer>
FNDA:6,addError
FNDA:0,setError
FNDA:120,hasErrors
FNDA:0,copyErrors
FNDA:4,toJSON
DA:1,1
DA:2,266
DA:3,266
DA:4,266
DA:5,6
DA:6,6
DA:7,6
DA:8,6
DA:9,6
DA:10,0
DA:11,0
DA:12,6
DA:13,266
DA:14,266
DA:15,0
DA:16,0
DA:17,0
DA:18,0
DA:19,0
DA:20,0
DA:21,0
DA:22,0
DA:23,0
DA:24,0
DA:25,0
DA:26,0
DA:27,266
DA:28,266
DA:29,120
DA:30,120
DA:31,266
DA:32,266
DA:33,0
DA:34,0
DA:35,0
DA:36,0
DA:37,266
DA:38,266
DA:39,4
DA:40,4
DA:41,4
DA:42,0
DA:43,4
DA:44,4
DA:45,4
DA:46,4
DA:47,4
DA:48,4
DA:49,266
LF:49
LH:30
BRDA:1,0,0,266
BRDA:4,1,0,6
BRDA:9,2,0,0
BRDA:28,3,0,120
BRDA:38,4,0,4
BRDA:40,5,0,4
BRDA:41,6,0,0
BRF:7
BRH:5
end_of_record
TN:
SF:src/core/shared/domain/validators/validation.error.ts
FN:1,Object.<anonymous>
FN:4,<instance_members_initializer>
FN:5,BaseValidationError
FN:12,count
FN:19,<instance_members_initializer>
FN:20,EntityValidationError
FN:27,SearchValidationError
FN:33,<instance_members_initializer>
FNF:8
FNH:5
FNDA:12,Object.<anonymous>
FNDA:5,<instance_members_initializer>
FNDA:5,BaseValidationError
FNDA:0,count
FNDA:5,<instance_members_initializer>
FNDA:5,EntityValidationError
FNDA:0,SearchValidationError
FNDA:0,<instance_members_initializer>
DA:1,12
DA:2,12
DA:3,12
DA:4,12
DA:5,5
DA:6,5
DA:7,5
DA:8,5
DA:9,5
DA:10,5
DA:11,5
DA:12,5
DA:13,0
DA:14,0
DA:15,5
DA:16,12
DA:17,12
DA:18,12
DA:19,12
DA:20,5
DA:21,5
DA:22,5
DA:23,5
DA:24,5
DA:25,12
DA:26,12
DA:27,12
DA:28,0
DA:29,0
DA:30,0
DA:31,12
DA:32,12
DA:33,12
DA:34,0
DA:35,0
DA:36,0
DA:37,0
DA:38,0
LF:38
LH:28
BRDA:1,0,0,12
BRDA:1,1,0,12
BRDA:4,2,0,5
BRDA:5,3,0,5
BRDA:19,4,0,5
BRDA:20,5,0,5
BRF:6
BRH:6
end_of_record
TN:
SF:src/core/shared/domain/value-objects/uuid.vo.ts
FN:4,<instance_members_initializer>
FN:7,Uuid
FN:13,validate
FN:21,toString
FN:27,InvalidUuidError
FNF:5
FNH:5
FNDA:326,<instance_members_initializer>
FNDA:326,Uuid
FNDA:326,validate
FNDA:5,toString
FNDA:8,InvalidUuidError
DA:1,1
DA:2,1
DA:3,1
DA:4,1
DA:5,326
DA:6,326
DA:7,326
DA:8,326
DA:9,326
DA:10,326
DA:11,326
DA:12,326
DA:13,326
DA:14,326
DA:15,326
DA:16,4
DA:17,4
DA:18,322
DA:19,322
DA:20,326
DA:21,326
DA:22,5
DA:23,5
DA:24,326
DA:25,1
DA:26,1
DA:27,1
DA:28,8
DA:29,8
DA:30,8
DA:31,1
LF:31
LH:31
BRDA:4,0,0,326
BRDA:7,1,0,326
BRDA:9,2,0,189
BRDA:13,3,0,326
BRDA:15,4,0,4
BRDA:17,5,0,322
BRDA:21,6,0,5
BRDA:27,7,0,8
BRF:8
BRH:8
end_of_record
TN:
SF:src/core/shared/infra/config.ts
FN:1,Object.<anonymous>
FN:6,<static_initializer>
FN:8,db
FN:18,bucketName
FN:24,googleCredentials
FN:30,rabbitmqUri
FN:36,readEnv
FNF:7
FNH:4
FNDA:8,Object.<anonymous>
FNDA:8,<static_initializer>
FNDA:8,db
FNDA:0,bucketName
FNDA:0,googleCredentials
FNDA:0,rabbitmqUri
FNDA:8,readEnv
DA:1,8
DA:2,8
DA:3,8
DA:4,8
DA:5,8
DA:6,8
DA:7,8
DA:8,8
DA:9,8
DA:10,8
DA:11,8
DA:12,8
DA:13,8
DA:14,8
DA:15,8
DA:16,8
DA:17,8
DA:18,8
DA:19,0
DA:20,0
DA:21,0
DA:22,0
DA:23,8
DA:24,8
DA:25,0
DA:26,0
DA:27,0
DA:28,0
DA:29,8
DA:30,8
DA:31,0
DA:32,0
DA:33,0
DA:34,0
DA:35,8
DA:36,8
DA:37,8
DA:38,0
DA:39,0
DA:40,8
DA:41,8
DA:42,8
DA:43,8
DA:44,8
DA:45,8
DA:46,8
DA:47,8
DA:48,8
DA:49,8
DA:50,8
LF:50
LH:36
BRDA:1,0,0,8
BRDA:1,1,0,8
BRDA:6,2,0,8
BRDA:8,3,0,8
BRDA:36,4,0,8
BRDA:37,5,0,0
BRF:6
BRH:5
end_of_record
TN:
SF:src/core/shared/infra/db/in-memory/in-memory.repository.ts
FN:1,Object.<anonymous>
FN:16,<instance_members_initializer>
FN:23,insert
FN:26,bulkInsert
FN:30,update
FN:40,delete
FN:50,findById
FN:55,findAll
FN:59,findByIds
FN:66,existsById
FN:97,<instance_members_initializer>
FN:106,search
FN:131,applyPaginate
FN:141,applySort
FNF:14
FNH:12
FNDA:9,Object.<anonymous>
FNDA:52,<instance_members_initializer>
FNDA:6,insert
FNDA:1,bulkInsert
FNDA:9,update
FNDA:5,delete
FNDA:12,findById
FNDA:1,findAll
FNDA:0,findByIds
FNDA:0,existsById
FNDA:45,<instance_members_initializer>
FNDA:13,search
FNDA:17,applyPaginate
FNDA:20,applySort
DA:1,9
DA:2,9
DA:3,9
DA:4,9
DA:5,9
DA:6,9
DA:7,9
DA:8,9
DA:9,9
DA:10,9
DA:11,9
DA:12,9
DA:13,9
DA:14,9
DA:15,9
DA:16,9
DA:17,52
DA:18,52
DA:19,52
DA:20,52
DA:21,52
DA:22,52
DA:23,52
DA:24,6
DA:25,6
DA:26,52
DA:27,1
DA:28,1
DA:29,52
DA:30,52
DA:31,9
DA:32,8
DA:33,9
DA:34,9
DA:35,1
DA:36,1
DA:37,8
DA:38,8
DA:39,52
DA:40,52
DA:41,5
DA:42,2
DA:43,5
DA:44,5
DA:45,3
DA:46,3
DA:47,2
DA:48,2
DA:49,52
DA:50,52
DA:51,12
DA:52,12
DA:53,12
DA:54,52
DA:55,52
DA:56,1
DA:57,1
DA:58,52
DA:59,52
DA:60,0
DA:61,0
DA:62,0
DA:63,0
DA:64,0
DA:65,52
DA:66,52
DA:67,0
DA:68,0
DA:69,0
DA:70,0
DA:71,0
DA:72,0
DA:73,0
DA:74,0
DA:75,0
DA:76,0
DA:77,0
DA:78,0
DA:79,0
DA:80,0
DA:81,0
DA:82,0
DA:83,0
DA:84,0
DA:85,0
DA:86,0
DA:87,0
DA:88,0
DA:89,0
DA:90,0
DA:91,0
DA:92,0
DA:93,52
DA:94,52
DA:95,52
DA:96,9
DA:97,9
DA:98,45
DA:99,45
DA:100,45
DA:101,45
DA:102,45
DA:103,45
DA:104,45
DA:105,45
DA:106,45
DA:107,13
DA:108,13
DA:109,13
DA:110,13
DA:111,13
DA:112,13
DA:113,13
DA:114,13
DA:115,13
DA:116,13
DA:117,13
DA:118,13
DA:119,13
DA:120,13
DA:121,13
DA:122,13
DA:123,13
DA:124,13
DA:125,45
DA:126,45
DA:127,45
DA:128,45
DA:129,45
DA:130,45
DA:131,45
DA:132,17
DA:133,17
DA:134,17
DA:135,17
DA:136,17
DA:137,17
DA:138,17
DA:139,17
DA:140,45
DA:141,45
DA:142,20
DA:143,20
DA:144,20
DA:145,20
DA:146,20
DA:147,20
DA:148,5
DA:149,5
DA:150,15
DA:151,15
DA:152,64
DA:153,64
DA:154,64
DA:155,24
DA:156,24
DA:157,40
DA:158,40
DA:159,40
DA:160,40
DA:161,0
DA:162,0
DA:163,15
DA:164,45
LF:164
LH:131
BRDA:1,0,0,9
BRDA:1,1,0,9
BRDA:16,2,0,52
BRDA:23,3,0,6
BRDA:26,4,0,1
BRDA:30,5,0,9
BRDA:34,6,0,8
BRDA:34,7,0,1
BRDA:31,8,0,8
BRDA:40,9,0,5
BRDA:44,10,0,4
BRDA:44,11,0,3
BRDA:46,12,0,2
BRDA:41,13,0,2
BRDA:50,14,0,12
BRDA:52,15,0,2
BRDA:52,16,0,10
BRDA:51,17,0,10
BRDA:55,18,0,1
BRDA:97,19,0,45
BRDA:106,20,0,13
BRDA:131,21,0,17
BRDA:141,22,0,20
BRDA:147,23,0,16
BRDA:147,24,0,5
BRDA:149,25,0,15
BRDA:151,26,0,64
BRDA:152,27,0,0
BRDA:153,28,0,0
BRDA:154,29,0,24
BRDA:155,30,0,15
BRDA:155,31,0,9
BRDA:156,32,0,40
BRDA:159,33,0,20
BRDA:159,34,0,20
BRDA:160,35,0,0
BRF:36
BRH:33
end_of_record
TN:
SF:src/core/shared/infra/testing/helpers.ts
FN:4,setupSequelize
FN:19,get sequelize
FNF:2
FNH:1
FNDA:8,setupSequelize
FNDA:0,get sequelize
DA:1,1
DA:2,1
DA:3,1
DA:4,1
DA:5,8
DA:6,8
DA:7,8
DA:8,8
DA:9,8
DA:10,8
DA:11,8
DA:12,8
DA:13,8
DA:14,8
DA:15,8
DA:16,8
DA:17,8
DA:18,8
DA:19,8
DA:20,0
DA:21,0
DA:22,8
DA:23,8
DA:24,8
LF:24
LH:22
BRDA:4,0,0,8
BRDA:7,1,0,8
BRDA:14,2,0,26
BRDA:16,3,0,8
BRF:4
BRH:4
end_of_record
TN:
SF:src/nest-modules/global-config.ts
FN:1,(empty-report)
FNF:1
FNH:0
FNDA:0,(empty-report)
DA:1,0
DA:2,0
DA:3,0
DA:4,0
DA:5,0
DA:6,0
DA:7,0
DA:8,0
DA:9,0
DA:10,0
DA:11,0
DA:12,0
DA:13,0
DA:14,0
DA:15,0
DA:16,0
DA:17,0
DA:18,0
DA:19,0
DA:20,0
DA:21,0
DA:22,0
DA:23,0
DA:24,0
DA:25,0
DA:26,0
LF:26
LH:0
BRDA:1,0,0,0
BRF:1
BRH:0
end_of_record
TN:
SF:src/nest-modules/categories-module/categories.controller.ts
FN:29,<instance_members_initializer>
FN:45,create
FN:51,search
FN:57,findOne
FN:65,update
FN:81,remove
FN:87,serialize
FNF:7
FNH:7
FNDA:21,<instance_members_initializer>
FNDA:6,create
FNDA:6,search
FNDA:2,findOne
FNDA:4,update
FNDA:3,remove
FNDA:12,serialize
DA:1,1
DA:2,1
DA:3,1
DA:4,1
DA:5,1
DA:6,1
DA:7,1
DA:8,1
DA:9,1
DA:10,1
DA:11,1
DA:12,1
DA:13,1
DA:14,1
DA:15,1
DA:16,1
DA:17,1
DA:18,1
DA:19,1
DA:20,1
DA:21,1
DA:22,1
DA:23,1
DA:24,1
DA:25,1
DA:26,1
DA:27,1
DA:28,1
DA:29,1
DA:30,21
DA:31,21
DA:32,21
DA:33,21
DA:34,21
DA:35,21
DA:36,21
DA:37,21
DA:38,21
DA:39,21
DA:40,21
DA:41,21
DA:42,21
DA:43,21
DA:44,21
DA:45,21
DA:46,6
DA:47,6
DA:48,6
DA:49,6
DA:50,21
DA:51,21
DA:52,6
DA:53,6
DA:54,6
DA:55,6
DA:56,21
DA:57,21
DA:58,2
DA:59,2
DA:60,2
DA:61,2
DA:62,2
DA:63,2
DA:64,21
DA:65,21
DA:66,4
DA:67,4
DA:68,4
DA:69,4
DA:70,4
DA:71,4
DA:72,4
DA:73,4
DA:74,4
DA:75,4
DA:76,4
DA:77,4
DA:78,21
DA:79,21
DA:80,21
DA:81,21
DA:82,3
DA:83,3
DA:84,3
DA:85,3
DA:86,21
DA:87,21
DA:88,12
DA:89,12
DA:90,21
LF:90
LH:90
BRDA:31,0,0,0
BRDA:34,1,0,0
BRDA:37,2,0,0
BRDA:40,3,0,0
BRDA:43,4,0,0
BRDA:46,5,0,0
BRDA:52,6,0,0
BRDA:68,7,0,0
BRDA:29,8,0,21
BRDA:45,9,0,6
BRDA:51,10,0,6
BRDA:57,11,0,2
BRDA:65,12,0,4
BRDA:81,13,0,3
BRDA:87,14,0,12
BRF:15
BRH:7
end_of_record
TN:
SF:src/nest-modules/categories-module/categories.module.ts
FNF:0
FNH:0
DA:1,1
DA:2,1
DA:3,1
DA:4,1
DA:5,1
DA:6,1
DA:7,1
DA:8,1
DA:9,1
DA:10,1
DA:11,1
DA:12,1
DA:13,1
DA:14,1
DA:15,1
LF:15
LH:15
BRF:0
BRH:0
end_of_record
TN:
SF:src/nest-modules/categories-module/categories.presenter.ts
FN:6,<instance_members_initializer>
FN:14,CategoryPresenter
FN:23,<instance_members_initializer>
FN:26,CategoryCollectionPresenter
FNF:4
FNH:4
FNDA:47,<instance_members_initializer>
FNDA:47,CategoryPresenter
FNDA:12,<instance_members_initializer>
FNDA:12,CategoryCollectionPresenter
DA:1,1
DA:2,1
DA:3,1
DA:4,1
DA:5,1
DA:6,1
DA:7,47
DA:8,47
DA:9,47
DA:10,47
DA:11,47
DA:12,47
DA:13,47
DA:14,47
DA:15,47
DA:16,47
DA:17,47
DA:18,47
DA:19,47
DA:20,47
DA:21,47
DA:22,1
DA:23,1
DA:24,12
DA:25,12
DA:26,12
DA:27,12
DA:28,12
DA:29,12
DA:30,12
DA:31,12
LF:31
LH:31
BRDA:12,0,0,0
BRDA:6,1,0,47
BRDA:14,2,0,47
BRDA:23,3,0,12
BRDA:26,4,0,12
BRDA:29,5,0,24
BRF:6
BRH:5
end_of_record
TN:
SF:src/nest-modules/categories-module/categories.provider.ts
FN:23,useFactory
FN:33,useFactory
FN:40,useFactory
FN:47,useFactory
FN:54,useFactory
FN:61,useFactory
FNF:6
FNH:6
FNDA:16,useFactory
FNDA:16,useFactory
FNDA:16,useFactory
FNDA:16,useFactory
FNDA:16,useFactory
FNDA:16,useFactory
DA:1,1
DA:2,1
DA:3,1
DA:4,1
DA:5,1
DA:6,1
DA:7,1
DA:8,1
DA:9,1
DA:10,1
DA:11,1
DA:12,1
DA:13,1
DA:14,1
DA:15,1
DA:16,1
DA:17,1
DA:18,1
DA:19,1
DA:20,1
DA:21,1
DA:22,1
DA:23,1
DA:24,16
DA:25,16
DA:26,1
DA:27,1
DA:28,1
DA:29,1
DA:30,1
DA:31,1
DA:32,1
DA:33,1
DA:34,16
DA:35,16
DA:36,1
DA:37,1
DA:38,1
DA:39,1
DA:40,1
DA:41,16
DA:42,16
DA:43,1
DA:44,1
DA:45,1
DA:46,1
DA:47,1
DA:48,16
DA:49,16
DA:50,1
DA:51,1
DA:52,1
DA:53,1
DA:54,1
DA:55,16
DA:56,16
DA:57,1
DA:58,1
DA:59,1
DA:60,1
DA:61,1
DA:62,16
DA:63,16
DA:64,1
DA:65,1
DA:66,1
DA:67,1
DA:68,1
DA:69,1
DA:70,1
DA:71,1
DA:72,1
DA:73,1
DA:74,1
DA:75,1
DA:76,1
DA:77,1
DA:78,1
DA:79,1
DA:80,1
DA:81,1
DA:82,1
LF:82
LH:82
BRDA:23,0,0,16
BRDA:33,1,0,16
BRDA:40,2,0,16
BRDA:47,3,0,16
BRDA:54,4,0,16
BRDA:61,5,0,16
BRF:6
BRH:6
end_of_record
TN:
SF:src/nest-modules/categories-module/dto/create-category.dto.ts
FNF:0
FNH:0
DA:1,1
DA:2,1
DA:3,1
LF:3
LH:3
BRF:0
BRH:0
end_of_record
TN:
SF:src/nest-modules/categories-module/dto/search-categories.dto.ts
FN:4,<instance_members_initializer>
FNF:1
FNH:0
FNDA:0,<instance_members_initializer>
DA:1,1
DA:2,1
DA:3,1
DA:4,1
DA:5,0
DA:6,0
DA:7,0
DA:8,0
DA:9,0
DA:10,0
LF:10
LH:4
BRF:0
BRH:0
end_of_record
TN:
SF:src/nest-modules/categories-module/dto/update-category.dto.ts
FNF:0
FNH:0
DA:1,1
DA:2,1
DA:3,1
DA:4,1
DA:5,1
DA:6,1
DA:7,1
DA:8,1
DA:9,1
LF:9
LH:9
BRF:0
BRH:0
end_of_record
TN:
SF:src/nest-modules/config-module/config.module.ts
FN:47,forRoot
FNF:1
FNH:1
FNDA:20,forRoot
DA:1,1
DA:2,1
DA:3,1
DA:4,1
DA:5,1
DA:6,1
DA:7,1
DA:8,1
DA:9,1
DA:10,1
DA:11,1
DA:12,1
DA:13,1
DA:14,1
DA:15,1
DA:16,1
DA:17,1
DA:18,1
DA:19,1
DA:20,1
DA:21,1
DA:22,1
DA:23,1
DA:24,1
DA:25,1
DA:26,1
DA:27,1
DA:28,1
DA:29,1
DA:30,1
DA:31,1
DA:32,1
DA:33,1
DA:34,1
DA:35,1
DA:36,1
DA:37,1
DA:38,1
DA:39,1
DA:40,1
DA:41,1
DA:42,1
DA:43,1
DA:44,1
DA:45,1
DA:46,1
DA:47,1
DA:48,20
DA:49,20
DA:50,20
DA:51,20
DA:52,20
DA:53,20
DA:54,20
DA:55,20
DA:56,20
DA:57,20
DA:58,20
DA:59,20
DA:60,20
DA:61,20
DA:62,20
DA:63,20
DA:64,20
DA:65,20
DA:66,20
DA:67,20
DA:68,1
LF:68
LH:68
BRDA:47,0,0,20
BRDA:54,1,0,0
BRF:2
BRH:1
end_of_record
TN:
SF:src/nest-modules/database-module/database.module.ts
FN:12,useFactory
FNF:1
FNH:1
FNDA:18,useFactory
DA:1,1
DA:2,1
DA:3,1
DA:4,1
DA:5,1
DA:6,1
DA:7,1
DA:8,1
DA:9,1
DA:10,1
DA:11,1
DA:12,1
DA:13,18
DA:14,18
DA:15,17
DA:16,17
DA:17,17
DA:18,17
DA:19,17
DA:20,17
DA:21,17
DA:22,17
DA:23,1
DA:24,1
DA:25,1
DA:26,1
DA:27,1
DA:28,1
DA:29,1
DA:30,1
DA:31,1
DA:32,1
DA:33,1
DA:34,1
DA:35,1
DA:36,1
DA:37,0
DA:38,0
DA:39,0
DA:40,1
DA:41,1
DA:42,1
DA:43,1
DA:44,1
LF:44
LH:41
BRDA:12,0,0,18
BRDA:14,1,0,17
BRDA:22,2,0,1
BRDA:36,3,0,0
BRF:4
BRH:3
end_of_record
TN:
SF:src/nest-modules/shared-module/collection.presenter.ts
FN:7,<instance_members_initializer>
FN:11,CollectionPresenter
FN:15,get meta
FNF:3
FNH:3
FNDA:15,<instance_members_initializer>
FNDA:15,CollectionPresenter
FNDA:11,get meta
DA:1,1
DA:2,1
DA:3,1
DA:4,1
DA:5,1
DA:6,1
DA:7,1
DA:8,15
DA:9,15
DA:10,15
DA:11,15
DA:12,15
DA:13,15
DA:14,15
DA:15,15
DA:16,11
DA:17,11
DA:18,11
DA:19,15
DA:20,15
DA:21,15
LF:21
LH:21
BRDA:9,0,0,0
BRDA:7,1,0,15
BRDA:11,2,0,15
BRDA:15,3,0,11
BRF:4
BRH:3
end_of_record
TN:
SF:src/nest-modules/shared-module/pagination.presenter.ts
FN:10,<instance_members_initializer>
FN:20,PaginationPresenter
FNF:2
FNH:2
FNDA:19,<instance_members_initializer>
FNDA:19,PaginationPresenter
DA:1,1
DA:2,1
DA:3,1
DA:4,1
DA:5,1
DA:6,1
DA:7,1
DA:8,1
DA:9,1
DA:10,1
DA:11,19
DA:12,19
DA:13,19
DA:14,19
DA:15,19
DA:16,19
DA:17,19
DA:18,19
DA:19,19
DA:20,19
DA:21,19
DA:22,19
DA:23,19
DA:24,19
DA:25,19
DA:26,19
LF:26
LH:26
BRDA:10,0,0,19
BRDA:20,1,0,19
BRDA:11,2,0,4
BRDA:13,3,0,4
BRDA:15,4,0,4
BRDA:17,5,0,4
BRF:6
BRH:6
end_of_record
TN:
SF:src/nest-modules/shared-module/shared.module.ts
FN:1,(empty-report)
FNF:1
FNH:0
FNDA:0,(empty-report)
DA:1,0
DA:2,0
DA:3,0
DA:4,0
LF:4
LH:0
BRDA:1,0,0,0
BRF:1
BRH:0
end_of_record
TN:
SF:src/nest-modules/shared-module/filters/not-found/entity-validation-error.filter.ts
FN:8,catch
FNF:1
FNH:1
FNDA:1,catch
DA:1,1
DA:2,1
DA:3,1
DA:4,1
DA:5,1
DA:6,1
DA:7,1
DA:8,1
DA:9,1
DA:10,1
DA:11,1
DA:12,1
DA:13,1
DA:14,1
DA:15,1
DA:16,1
DA:17,3
DA:18,3
DA:19,3
DA:20,1
DA:21,2
DA:22,2
DA:23,2
DA:24,2
DA:25,2
DA:26,2
DA:27,1
DA:28,1
DA:29,1
DA:30,1
DA:31,1
DA:32,1
DA:33,1
LF:33
LH:33
BRDA:8,0,0,1
BRDA:16,1,0,3
BRDA:19,2,0,1
BRDA:21,3,0,2
BRDA:23,4,0,2
BRF:5
BRH:5
end_of_record
TN:
SF:src/nest-modules/shared-module/filters/not-found/not-found-error.filter.ts
FN:7,catch
FNF:1
FNH:1
FNDA:1,catch
DA:1,1
DA:2,1
DA:3,1
DA:4,1
DA:5,1
DA:6,1
DA:7,1
DA:8,1
DA:9,1
DA:10,1
DA:11,1
DA:12,1
DA:13,1
DA:14,1
DA:15,1
DA:16,1
DA:17,1
LF:17
LH:17
BRDA:7,0,0,1
BRF:1
BRH:1
end_of_record
TN:
SF:src/nest-modules/shared-module/interceptors/wrapper-data/wrapper-data.interceptor.ts
FN:11,intercept
FNF:1
FNH:1
FNDA:2,intercept
DA:1,1
DA:2,1
DA:3,1
DA:4,1
DA:5,1
DA:6,1
DA:7,1
DA:8,1
DA:9,1
DA:10,1
DA:11,1
DA:12,2
DA:13,2
DA:14,2
DA:15,2
DA:16,1
LF:16
LH:16
BRDA:11,0,0,2
BRDA:14,1,0,2
BRDA:14,2,0,1
BRDA:14,3,0,1
BRF:4
BRH:4
end_of_record
